<?xml version="1.0" encoding="UTF-8"?>
<!-- Generated by org.testng.reporters.JUnitReportReporter -->
<testsuite hostname="Vikash-Mishra" failures="0" tests="7" name="FitpeoTestCases.FitpeoProjectTask" time="68.284" errors="0" timestamp="2024-11-28T20:18:24 IST" skipped="0">
  <testcase classname="FitpeoTestCases.FitpeoProjectTask" name="navigateToRevenueCalculatorPage" time="8.364"/>
  <system-out/>
  <testcase classname="FitpeoTestCases.FitpeoProjectTask" name="scrollDownToSliderSection" time="8.186"/>
  <system-out/>
  <testcase classname="FitpeoTestCases.FitpeoProjectTask" name="slideto820" time="12.721"/>
  <system-out/>
  <testcase classname="FitpeoTestCases.FitpeoProjectTask" name="updateTextbox560" time="7.656"/>
  <system-out/>
  <testcase classname="FitpeoTestCases.FitpeoProjectTask" name="validateSliderPositionFor560" time="7.329"/>
  <system-out/>
  <testcase classname="FitpeoTestCases.FitpeoProjectTask" name="Select_CPT_Codes" time="7.619"/>
  <system-out/>
  <testcase classname="FitpeoTestCases.FitpeoProjectTask" name="Validate_Total_Recurring_Reimbursement" time="16.409"/>
  <system-out/>
</testsuite> <!-- FitpeoTestCases.FitpeoProjectTask -->
